Build started 14/7/2557 3:07:18.
     1>Project "E:\workspacecpp\gensign\gensign\gensign.vcxproj" on node 2 (Build target(s)).
     1>InitializeBuildStatus:
         Creating "Debug\gensign.tlog\unsuccessfulbuild" because "AlwaysCreate" was specified.
       ClCompile:
         E:\Program Files (x86)\Microsoft Visual Studio 12.0\VC\bin\CL.exe /c /I"E:\workspacecpp\gtest-1.7.0_vcpp13\gtest-1.7.0\include" /IE:\workspacecpp\boost_1_55_0\boost_1_55_0 /IE:\workspacecpp\gensign /ZI /nologo /W3 /WX- /sdl /Od /Oy- /D WIN32 /D _DEBUG /D _CONSOLE /D _LIB /D _UNICODE /D UNICODE /Gm /EHsc /RTC1 /MTd /GS /fp:precise /Zc:wchar_t /Zc:forScope /Fo"Debug\\" /Fd"Debug\vc120.pdb" /Gd /TP /analyze- /errorReport:prompt ..\src\clamavsig.cpp gensign.cpp
         clamavsig.cpp
         Generating Code...
         Skipping... (no relevant changes detected)
         gensign.cpp
       Lib:
         E:\Program Files (x86)\Microsoft Visual Studio 12.0\VC\bin\Lib.exe /OUT:"E:\workspacecpp\gensign\Debug\gensign.lib" /NOLOGO Debug\clamavsig.obj
         Debug\gensign.obj
         Debug\stdafx.obj
         gensign.vcxproj -> E:\workspacecpp\gensign\Debug\gensign.lib
       FinalizeBuildStatus:
         Deleting file "Debug\gensign.tlog\unsuccessfulbuild".
         Touching "Debug\gensign.tlog\gensign.lastbuildstate".
     1>Done Building Project "E:\workspacecpp\gensign\gensign\gensign.vcxproj" (Build target(s)).

Build succeeded.

Time Elapsed 00:00:00.54
